<?xml version="1.0" encoding="UTF-8"?>
<testsuite xmlns:xsi="http://www.w3.org/2001/XMLSchema-instance" xsi:noNamespaceSchemaLocation="https://maven.apache.org/surefire/maven-surefire-plugin/xsd/surefire-test-report-3.0.xsd" version="3.0" name="com.unika.TestHomePage" time="0.465" tests="1" errors="0" skipped="0" failures="0">
  <properties>
[...]
</properties>
  <testcase name="homepageRendersSuccessfully" classname="com.unika.TestHomePage" time="0.435">
    <system-out><![CDATA[13:33:57.324 [main] INFO  org.apache.wicket.Application - [WicketTesterApplication-d39b18a0-775a-45ae-b885-568beba6f2d1] init: Wicket core library initializer
13:33:57.326 [main] INFO  org.apache.wicket.RequestListenerInterface - registered listener interface [RequestListenerInterface name=IBehaviorListener, method=public abstract void org.apache.wicket.behavior.IBehaviorListener.onRequest()]
13:33:57.326 [main] INFO  org.apache.wicket.RequestListenerInterface - registered listener interface [RequestListenerInterface name=IFormSubmitListener, method=public abstract void org.apache.wicket.markup.html.form.IFormSubmitListener.onFormSubmitted()]
13:33:57.326 [main] INFO  org.apache.wicket.RequestListenerInterface - registered listener interface [RequestListenerInterface name=ILinkListener, method=public abstract void org.apache.wicket.markup.html.link.ILinkListener.onLinkClicked()]
13:33:57.327 [main] INFO  org.apache.wicket.RequestListenerInterface - registered listener interface [RequestListenerInterface name=IOnChangeListener, method=public abstract void org.apache.wicket.markup.html.form.IOnChangeListener.onSelectionChanged()]
13:33:57.327 [main] INFO  org.apache.wicket.RequestListenerInterface - registered listener interface [RequestListenerInterface name=IResourceListener, method=public abstract void org.apache.wicket.IResourceListener.onResourceRequested()]
13:33:57.328 [main] INFO  org.apache.wicket.Application - [WicketTesterApplication-d39b18a0-775a-45ae-b885-568beba6f2d1] init: Wicket extensions initializer
]]></system-out>
  </testcase>
</testsuite>