<?xml version="1.0" encoding="UTF-8"?>
<testsuite xmlns:xsi="http://www.w3.org/2001/XMLSchema-instance" xsi:noNamespaceSchemaLocation="https://maven.apache.org/surefire/maven-surefire-plugin/xsd/surefire-test-report-3.0.xsd" version="3.0" name="com.unika.TestHomePage" time="0.383" tests="1" errors="0" skipped="0" failures="0">
  <properties>
[...]
</properties>
  <testcase name="homepageRendersSuccessfully" classname="com.unika.TestHomePage" time="0.352">
    <system-out><![CDATA[08:21:06.433 [main] INFO  org.apache.wicket.Application - [WicketTesterApplication-0658a90d-1e68-46e0-b555-27b053be3bd4] init: Wicket core library initializer
08:21:06.435 [main] INFO  org.apache.wicket.RequestListenerInterface - registered listener interface [RequestListenerInterface name=IBehaviorListener, method=public abstract void org.apache.wicket.behavior.IBehaviorListener.onRequest()]
08:21:06.435 [main] INFO  org.apache.wicket.RequestListenerInterface - registered listener interface [RequestListenerInterface name=IFormSubmitListener, method=public abstract void org.apache.wicket.markup.html.form.IFormSubmitListener.onFormSubmitted()]
08:21:06.435 [main] INFO  org.apache.wicket.RequestListenerInterface - registered listener interface [RequestListenerInterface name=ILinkListener, method=public abstract void org.apache.wicket.markup.html.link.ILinkListener.onLinkClicked()]
08:21:06.435 [main] INFO  org.apache.wicket.RequestListenerInterface - registered listener interface [RequestListenerInterface name=IOnChangeListener, method=public abstract void org.apache.wicket.markup.html.form.IOnChangeListener.onSelectionChanged()]
08:21:06.435 [main] INFO  org.apache.wicket.RequestListenerInterface - registered listener interface [RequestListenerInterface name=IResourceListener, method=public abstract void org.apache.wicket.IResourceListener.onResourceRequested()]
]]></system-out>
  </testcase>
</testsuite>